691  [main] INFO  o.s.b.f.xml.XmlBeanDefinitionReader - Loading XML bean definitions from class path resource [dao-conf-ut.xml]
988  [main] INFO  o.s.c.s.GenericApplicationContext - Refreshing org.springframework.context.support.GenericApplicationContext@5ebd81bf: startup date [Sun Mar 02 12:37:49 CET 2014]; root of context hierarchy
1159 [main] INFO  o.s.b.f.c.PropertyPlaceholderConfigurer - Loading properties file from class path resource [db/database.properties]
1164 [main] INFO  o.s.b.f.a.AutowiredAnnotationBeanPostProcessor - JSR-330 'javax.inject.Inject' annotation found and supported for autowiring
1183 [main] INFO  o.s.b.f.s.DefaultListableBeanFactory - Pre-instantiating singletons in org.springframework.beans.factory.support.DefaultListableBeanFactory@3ff70d3c: defining beans [genericDao,corePlaceHolder,transactionManager,dataSource,jdbcTemplate,org.springframework.jdbc.datasource.init.DataSourceInitializer#0,org.springframework.context.annotation.internalConfigurationAnnotationProcessor,org.springframework.context.annotation.internalAutowiredAnnotationProcessor,org.springframework.context.annotation.internalRequiredAnnotationProcessor,org.springframework.context.annotation.internalCommonAnnotationProcessor,org.springframework.context.annotation.ConfigurationClassPostProcessor.importAwareProcessor]; root of factory hierarchy
1590 [main] INFO  o.s.j.d.i.ResourceDatabasePopulator - Executing SQL script from class path resource [db/db.sql]
1602 [main] INFO  o.s.j.d.i.ResourceDatabasePopulator - Done executing SQL script from class path resource [db/db.sql] in 12 ms.
1764 [main] WARN  o.d.dataset.AbstractTableMetaData - Potential problem found: The configured data type factory 'class org.dbunit.dataset.datatype.DefaultDataTypeFactory' might cause problems with the current database 'HSQL Database Engine' (e.g. some datatypes may not be supported properly). In rare cases you might see this message because the list of supported database products is incomplete (list=[derby]). If so please request a java-class update via the forums.
1771 [main] INFO  i.p.t.rest.dao.unit.GenericDAOTest - Unit Test Suite Dao - Test Case Get an entity - 01
1771 [main] INFO  i.p.titan.rest.dao.GenericDaoImpl - Core Component - Dao Layer
1792 [Thread-1] INFO  o.s.c.s.GenericApplicationContext - Closing org.springframework.context.support.GenericApplicationContext@5ebd81bf: startup date [Sun Mar 02 12:37:49 CET 2014]; root of context hierarchy
1792 [Thread-1] INFO  o.s.b.f.s.DefaultListableBeanFactory - Destroying singletons in org.springframework.beans.factory.support.DefaultListableBeanFactory@3ff70d3c: defining beans [genericDao,corePlaceHolder,transactionManager,dataSource,jdbcTemplate,org.springframework.jdbc.datasource.init.DataSourceInitializer#0,org.springframework.context.annotation.internalConfigurationAnnotationProcessor,org.springframework.context.annotation.internalAutowiredAnnotationProcessor,org.springframework.context.annotation.internalRequiredAnnotationProcessor,org.springframework.context.annotation.internalCommonAnnotationProcessor,org.springframework.context.annotation.ConfigurationClassPostProcessor.importAwareProcessor]; root of factory hierarchy
387  [main] INFO  o.s.b.f.xml.XmlBeanDefinitionReader - Loading XML bean definitions from class path resource [dao-conf-ut.xml]
526  [main] INFO  o.s.c.s.GenericApplicationContext - Refreshing org.springframework.context.support.GenericApplicationContext@6b915330: startup date [Sun Mar 02 13:01:33 CET 2014]; root of context hierarchy
652  [main] INFO  o.s.b.f.c.PropertyPlaceholderConfigurer - Loading properties file from class path resource [db/database.properties]
656  [main] INFO  o.s.b.f.a.AutowiredAnnotationBeanPostProcessor - JSR-330 'javax.inject.Inject' annotation found and supported for autowiring
667  [main] INFO  o.s.b.f.s.DefaultListableBeanFactory - Pre-instantiating singletons in org.springframework.beans.factory.support.DefaultListableBeanFactory@6a109ac: defining beans [genericDao,corePlaceHolder,transactionManager,dataSource,jdbcTemplate,org.springframework.jdbc.datasource.init.DataSourceInitializer#0,org.springframework.context.annotation.internalConfigurationAnnotationProcessor,org.springframework.context.annotation.internalAutowiredAnnotationProcessor,org.springframework.context.annotation.internalRequiredAnnotationProcessor,org.springframework.context.annotation.internalCommonAnnotationProcessor,org.springframework.context.annotation.ConfigurationClassPostProcessor.importAwareProcessor]; root of factory hierarchy
1005 [main] INFO  o.s.j.d.i.ResourceDatabasePopulator - Executing SQL script from class path resource [db/db.sql]
1018 [main] INFO  o.s.j.d.i.ResourceDatabasePopulator - Done executing SQL script from class path resource [db/db.sql] in 13 ms.
1150 [main] WARN  o.d.dataset.AbstractTableMetaData - Potential problem found: The configured data type factory 'class org.dbunit.dataset.datatype.DefaultDataTypeFactory' might cause problems with the current database 'HSQL Database Engine' (e.g. some datatypes may not be supported properly). In rare cases you might see this message because the list of supported database products is incomplete (list=[derby]). If so please request a java-class update via the forums.
1156 [main] INFO  i.p.t.rest.dao.unit.GenericDAOTest - Unit Test Suite Dao - Test Case Get an entity - 01
1156 [main] INFO  i.p.titan.rest.dao.GenericDaoImpl - Core Component - Dao Layer
1178 [Thread-1] INFO  o.s.c.s.GenericApplicationContext - Closing org.springframework.context.support.GenericApplicationContext@6b915330: startup date [Sun Mar 02 13:01:33 CET 2014]; root of context hierarchy
1179 [Thread-1] INFO  o.s.b.f.s.DefaultListableBeanFactory - Destroying singletons in org.springframework.beans.factory.support.DefaultListableBeanFactory@6a109ac: defining beans [genericDao,corePlaceHolder,transactionManager,dataSource,jdbcTemplate,org.springframework.jdbc.datasource.init.DataSourceInitializer#0,org.springframework.context.annotation.internalConfigurationAnnotationProcessor,org.springframework.context.annotation.internalAutowiredAnnotationProcessor,org.springframework.context.annotation.internalRequiredAnnotationProcessor,org.springframework.context.annotation.internalCommonAnnotationProcessor,org.springframework.context.annotation.ConfigurationClassPostProcessor.importAwareProcessor]; root of factory hierarchy
408  [main] INFO  o.s.b.f.xml.XmlBeanDefinitionReader - Loading XML bean definitions from class path resource [dao-conf-ut.xml]
544  [main] INFO  o.s.c.s.GenericApplicationContext - Refreshing org.springframework.context.support.GenericApplicationContext@6b915330: startup date [Sun Mar 02 13:33:01 CET 2014]; root of context hierarchy
676  [main] INFO  o.s.b.f.c.PropertyPlaceholderConfigurer - Loading properties file from class path resource [db/database.properties]
682  [main] INFO  o.s.b.f.a.AutowiredAnnotationBeanPostProcessor - JSR-330 'javax.inject.Inject' annotation found and supported for autowiring
693  [main] INFO  o.s.b.f.s.DefaultListableBeanFactory - Pre-instantiating singletons in org.springframework.beans.factory.support.DefaultListableBeanFactory@6a109ac: defining beans [genericDao,corePlaceHolder,transactionManager,dataSource,jdbcTemplate,org.springframework.jdbc.datasource.init.DataSourceInitializer#0,org.springframework.context.annotation.internalConfigurationAnnotationProcessor,org.springframework.context.annotation.internalAutowiredAnnotationProcessor,org.springframework.context.annotation.internalRequiredAnnotationProcessor,org.springframework.context.annotation.internalCommonAnnotationProcessor,org.springframework.context.annotation.ConfigurationClassPostProcessor.importAwareProcessor]; root of factory hierarchy
1048 [main] INFO  o.s.j.d.i.ResourceDatabasePopulator - Executing SQL script from class path resource [db/db.sql]
1060 [main] INFO  o.s.j.d.i.ResourceDatabasePopulator - Done executing SQL script from class path resource [db/db.sql] in 12 ms.
1184 [main] WARN  o.d.dataset.AbstractTableMetaData - Potential problem found: The configured data type factory 'class org.dbunit.dataset.datatype.DefaultDataTypeFactory' might cause problems with the current database 'HSQL Database Engine' (e.g. some datatypes may not be supported properly). In rare cases you might see this message because the list of supported database products is incomplete (list=[derby]). If so please request a java-class update via the forums.
1191 [main] INFO  i.p.t.rest.dao.unit.GenericDAOTest - Unit Test Suite Dao - Test Case Get an entity - 01
1191 [main] INFO  i.p.titan.rest.dao.GenericDaoImpl - Core Component - Dao Layer
1213 [Thread-1] INFO  o.s.c.s.GenericApplicationContext - Closing org.springframework.context.support.GenericApplicationContext@6b915330: startup date [Sun Mar 02 13:33:01 CET 2014]; root of context hierarchy
1213 [Thread-1] INFO  o.s.b.f.s.DefaultListableBeanFactory - Destroying singletons in org.springframework.beans.factory.support.DefaultListableBeanFactory@6a109ac: defining beans [genericDao,corePlaceHolder,transactionManager,dataSource,jdbcTemplate,org.springframework.jdbc.datasource.init.DataSourceInitializer#0,org.springframework.context.annotation.internalConfigurationAnnotationProcessor,org.springframework.context.annotation.internalAutowiredAnnotationProcessor,org.springframework.context.annotation.internalRequiredAnnotationProcessor,org.springframework.context.annotation.internalCommonAnnotationProcessor,org.springframework.context.annotation.ConfigurationClassPostProcessor.importAwareProcessor]; root of factory hierarchy
394  [main] INFO  o.s.b.f.xml.XmlBeanDefinitionReader - Loading XML bean definitions from class path resource [dao-conf-ut.xml]
538  [main] INFO  o.s.c.s.GenericApplicationContext - Refreshing org.springframework.context.support.GenericApplicationContext@11ecab7c: startup date [Sun Mar 02 13:37:10 CET 2014]; root of context hierarchy
669  [main] INFO  o.s.b.f.c.PropertyPlaceholderConfigurer - Loading properties file from class path resource [db/database.properties]
674  [main] INFO  o.s.b.f.a.AutowiredAnnotationBeanPostProcessor - JSR-330 'javax.inject.Inject' annotation found and supported for autowiring
684  [main] INFO  o.s.b.f.s.DefaultListableBeanFactory - Pre-instantiating singletons in org.springframework.beans.factory.support.DefaultListableBeanFactory@5b879b5e: defining beans [genericDao,corePlaceHolder,transactionManager,dataSource,jdbcTemplate,org.springframework.jdbc.datasource.init.DataSourceInitializer#0,org.springframework.context.annotation.internalConfigurationAnnotationProcessor,org.springframework.context.annotation.internalAutowiredAnnotationProcessor,org.springframework.context.annotation.internalRequiredAnnotationProcessor,org.springframework.context.annotation.internalCommonAnnotationProcessor,org.springframework.context.annotation.ConfigurationClassPostProcessor.importAwareProcessor]; root of factory hierarchy
1006 [main] INFO  o.s.j.d.i.ResourceDatabasePopulator - Executing SQL script from class path resource [db/db.sql]
1018 [main] INFO  o.s.j.d.i.ResourceDatabasePopulator - Done executing SQL script from class path resource [db/db.sql] in 12 ms.
1158 [main] WARN  o.d.dataset.AbstractTableMetaData - Potential problem found: The configured data type factory 'class org.dbunit.dataset.datatype.DefaultDataTypeFactory' might cause problems with the current database 'HSQL Database Engine' (e.g. some datatypes may not be supported properly). In rare cases you might see this message because the list of supported database products is incomplete (list=[derby]). If so please request a java-class update via the forums.
1165 [main] INFO  i.p.t.rest.dao.unit.GenericDAOTest - Unit Test Suite Dao - Test Case Get an entity - 01
1165 [main] INFO  i.p.titan.rest.dao.GenericDaoImpl - Core Component - Dao Layer
1209 [Thread-1] INFO  o.s.c.s.GenericApplicationContext - Closing org.springframework.context.support.GenericApplicationContext@11ecab7c: startup date [Sun Mar 02 13:37:10 CET 2014]; root of context hierarchy
1210 [Thread-1] INFO  o.s.b.f.s.DefaultListableBeanFactory - Destroying singletons in org.springframework.beans.factory.support.DefaultListableBeanFactory@5b879b5e: defining beans [genericDao,corePlaceHolder,transactionManager,dataSource,jdbcTemplate,org.springframework.jdbc.datasource.init.DataSourceInitializer#0,org.springframework.context.annotation.internalConfigurationAnnotationProcessor,org.springframework.context.annotation.internalAutowiredAnnotationProcessor,org.springframework.context.annotation.internalRequiredAnnotationProcessor,org.springframework.context.annotation.internalCommonAnnotationProcessor,org.springframework.context.annotation.ConfigurationClassPostProcessor.importAwareProcessor]; root of factory hierarchy
395  [main] INFO  o.s.b.f.xml.XmlBeanDefinitionReader - Loading XML bean definitions from class path resource [dao-conf-ut.xml]
539  [main] INFO  o.s.c.s.GenericApplicationContext - Refreshing org.springframework.context.support.GenericApplicationContext@6b915330: startup date [Sun Mar 02 13:37:46 CET 2014]; root of context hierarchy
671  [main] INFO  o.s.b.f.c.PropertyPlaceholderConfigurer - Loading properties file from class path resource [db/database.properties]
676  [main] INFO  o.s.b.f.a.AutowiredAnnotationBeanPostProcessor - JSR-330 'javax.inject.Inject' annotation found and supported for autowiring
687  [main] INFO  o.s.b.f.s.DefaultListableBeanFactory - Pre-instantiating singletons in org.springframework.beans.factory.support.DefaultListableBeanFactory@7485fef2: defining beans [genericDao,corePlaceHolder,transactionManager,dataSource,jdbcTemplate,org.springframework.jdbc.datasource.init.DataSourceInitializer#0,org.springframework.context.annotation.internalConfigurationAnnotationProcessor,org.springframework.context.annotation.internalAutowiredAnnotationProcessor,org.springframework.context.annotation.internalRequiredAnnotationProcessor,org.springframework.context.annotation.internalCommonAnnotationProcessor,org.springframework.context.annotation.ConfigurationClassPostProcessor.importAwareProcessor]; root of factory hierarchy
1028 [main] INFO  o.s.j.d.i.ResourceDatabasePopulator - Executing SQL script from class path resource [db/db.sql]
1041 [main] INFO  o.s.j.d.i.ResourceDatabasePopulator - Done executing SQL script from class path resource [db/db.sql] in 12 ms.
1176 [main] WARN  o.d.dataset.AbstractTableMetaData - Potential problem found: The configured data type factory 'class org.dbunit.dataset.datatype.DefaultDataTypeFactory' might cause problems with the current database 'HSQL Database Engine' (e.g. some datatypes may not be supported properly). In rare cases you might see this message because the list of supported database products is incomplete (list=[derby]). If so please request a java-class update via the forums.
1182 [main] INFO  i.p.t.rest.dao.unit.GenericDAOTest - Unit Test Suite Dao - Test Case Get an entity - 01
1182 [main] INFO  i.p.titan.rest.dao.GenericDaoImpl - Core Component - Dao Layer
1204 [Thread-1] INFO  o.s.c.s.GenericApplicationContext - Closing org.springframework.context.support.GenericApplicationContext@6b915330: startup date [Sun Mar 02 13:37:46 CET 2014]; root of context hierarchy
1204 [Thread-1] INFO  o.s.b.f.s.DefaultListableBeanFactory - Destroying singletons in org.springframework.beans.factory.support.DefaultListableBeanFactory@7485fef2: defining beans [genericDao,corePlaceHolder,transactionManager,dataSource,jdbcTemplate,org.springframework.jdbc.datasource.init.DataSourceInitializer#0,org.springframework.context.annotation.internalConfigurationAnnotationProcessor,org.springframework.context.annotation.internalAutowiredAnnotationProcessor,org.springframework.context.annotation.internalRequiredAnnotationProcessor,org.springframework.context.annotation.internalCommonAnnotationProcessor,org.springframework.context.annotation.ConfigurationClassPostProcessor.importAwareProcessor]; root of factory hierarchy
395  [main] INFO  o.s.b.f.xml.XmlBeanDefinitionReader - Loading XML bean definitions from class path resource [dao-conf-ut.xml]
534  [main] INFO  o.s.c.s.GenericApplicationContext - Refreshing org.springframework.context.support.GenericApplicationContext@6b915330: startup date [Sun Mar 02 13:55:11 CET 2014]; root of context hierarchy
668  [main] INFO  o.s.b.f.c.PropertyPlaceholderConfigurer - Loading properties file from class path resource [db/database.properties]
674  [main] INFO  o.s.b.f.a.AutowiredAnnotationBeanPostProcessor - JSR-330 'javax.inject.Inject' annotation found and supported for autowiring
685  [main] INFO  o.s.b.f.s.DefaultListableBeanFactory - Pre-instantiating singletons in org.springframework.beans.factory.support.DefaultListableBeanFactory@3ff70d3c: defining beans [genericDao,corePlaceHolder,transactionManager,dataSource,jdbcTemplate,org.springframework.jdbc.datasource.init.DataSourceInitializer#0,org.springframework.context.annotation.internalConfigurationAnnotationProcessor,org.springframework.context.annotation.internalAutowiredAnnotationProcessor,org.springframework.context.annotation.internalRequiredAnnotationProcessor,org.springframework.context.annotation.internalCommonAnnotationProcessor,org.springframework.context.annotation.ConfigurationClassPostProcessor.importAwareProcessor]; root of factory hierarchy
1347 [main] INFO  o.s.j.d.i.ResourceDatabasePopulator - Executing SQL script from class path resource [db/db.sql]
1361 [main] INFO  o.s.j.d.i.ResourceDatabasePopulator - Done executing SQL script from class path resource [db/db.sql] in 13 ms.
1508 [main] WARN  o.d.dataset.AbstractTableMetaData - Potential problem found: The configured data type factory 'class org.dbunit.dataset.datatype.DefaultDataTypeFactory' might cause problems with the current database 'HSQL Database Engine' (e.g. some datatypes may not be supported properly). In rare cases you might see this message because the list of supported database products is incomplete (list=[derby]). If so please request a java-class update via the forums.
1514 [main] INFO  i.p.t.rest.dao.unit.GenericDAOTest - Unit Test Suite Dao - Test Case Get an entity - 01
1515 [main] INFO  i.p.titan.rest.dao.GenericDaoImpl - Core Component - Dao Layer
1533 [Thread-2] INFO  o.s.c.s.GenericApplicationContext - Closing org.springframework.context.support.GenericApplicationContext@6b915330: startup date [Sun Mar 02 13:55:11 CET 2014]; root of context hierarchy
1534 [Thread-2] INFO  o.s.b.f.s.DefaultListableBeanFactory - Destroying singletons in org.springframework.beans.factory.support.DefaultListableBeanFactory@3ff70d3c: defining beans [genericDao,corePlaceHolder,transactionManager,dataSource,jdbcTemplate,org.springframework.jdbc.datasource.init.DataSourceInitializer#0,org.springframework.context.annotation.internalConfigurationAnnotationProcessor,org.springframework.context.annotation.internalAutowiredAnnotationProcessor,org.springframework.context.annotation.internalRequiredAnnotationProcessor,org.springframework.context.annotation.internalCommonAnnotationProcessor,org.springframework.context.annotation.ConfigurationClassPostProcessor.importAwareProcessor]; root of factory hierarchy
479  [main] INFO  o.s.b.f.xml.XmlBeanDefinitionReader - Loading XML bean definitions from class path resource [dao-conf-ut.xml]
714  [main] INFO  o.s.c.s.GenericApplicationContext - Refreshing org.springframework.context.support.GenericApplicationContext@5ecb8fc2: startup date [Sun Mar 02 18:07:13 CET 2014]; root of context hierarchy
845  [main] INFO  o.s.b.f.c.PropertyPlaceholderConfigurer - Loading properties file from class path resource [db/database.properties]
849  [main] INFO  o.s.b.f.a.AutowiredAnnotationBeanPostProcessor - JSR-330 'javax.inject.Inject' annotation found and supported for autowiring
860  [main] INFO  o.s.b.f.s.DefaultListableBeanFactory - Pre-instantiating singletons in org.springframework.beans.factory.support.DefaultListableBeanFactory@42197fe9: defining beans [genericDao,corePlaceHolder,transactionManager,dataSource,jdbcTemplate,org.springframework.jdbc.datasource.init.DataSourceInitializer#0,org.springframework.context.annotation.internalConfigurationAnnotationProcessor,org.springframework.context.annotation.internalAutowiredAnnotationProcessor,org.springframework.context.annotation.internalRequiredAnnotationProcessor,org.springframework.context.annotation.internalCommonAnnotationProcessor,org.springframework.context.annotation.ConfigurationClassPostProcessor.importAwareProcessor]; root of factory hierarchy
1237 [main] INFO  o.s.j.d.i.ResourceDatabasePopulator - Executing SQL script from class path resource [db/db.sql]
1250 [main] INFO  o.s.j.d.i.ResourceDatabasePopulator - Done executing SQL script from class path resource [db/db.sql] in 13 ms.
1381 [main] WARN  o.d.dataset.AbstractTableMetaData - Potential problem found: The configured data type factory 'class org.dbunit.dataset.datatype.DefaultDataTypeFactory' might cause problems with the current database 'HSQL Database Engine' (e.g. some datatypes may not be supported properly). In rare cases you might see this message because the list of supported database products is incomplete (list=[derby]). If so please request a java-class update via the forums.
1388 [main] INFO  i.p.t.rest.dao.unit.GenericDAOTest - Unit Test Suite Dao - Test Case Get an entity - 01
1388 [main] INFO  i.p.titan.rest.dao.GenericDaoImpl - Core Component - Dao Layer
1412 [Thread-2] INFO  o.s.c.s.GenericApplicationContext - Closing org.springframework.context.support.GenericApplicationContext@5ecb8fc2: startup date [Sun Mar 02 18:07:13 CET 2014]; root of context hierarchy
1412 [Thread-2] INFO  o.s.b.f.s.DefaultListableBeanFactory - Destroying singletons in org.springframework.beans.factory.support.DefaultListableBeanFactory@42197fe9: defining beans [genericDao,corePlaceHolder,transactionManager,dataSource,jdbcTemplate,org.springframework.jdbc.datasource.init.DataSourceInitializer#0,org.springframework.context.annotation.internalConfigurationAnnotationProcessor,org.springframework.context.annotation.internalAutowiredAnnotationProcessor,org.springframework.context.annotation.internalRequiredAnnotationProcessor,org.springframework.context.annotation.internalCommonAnnotationProcessor,org.springframework.context.annotation.ConfigurationClassPostProcessor.importAwareProcessor]; root of factory hierarchy
383  [main] INFO  o.s.b.f.xml.XmlBeanDefinitionReader - Loading XML bean definitions from class path resource [dao-conf-ut.xml]
521  [main] INFO  o.s.c.s.GenericApplicationContext - Refreshing org.springframework.context.support.GenericApplicationContext@5ecb8fc2: startup date [Sun Mar 02 18:08:46 CET 2014]; root of context hierarchy
651  [main] INFO  o.s.b.f.c.PropertyPlaceholderConfigurer - Loading properties file from class path resource [db/database.properties]
656  [main] INFO  o.s.b.f.a.AutowiredAnnotationBeanPostProcessor - JSR-330 'javax.inject.Inject' annotation found and supported for autowiring
667  [main] INFO  o.s.b.f.s.DefaultListableBeanFactory - Pre-instantiating singletons in org.springframework.beans.factory.support.DefaultListableBeanFactory@42197fe9: defining beans [genericDao,corePlaceHolder,transactionManager,dataSource,jdbcTemplate,org.springframework.jdbc.datasource.init.DataSourceInitializer#0,org.springframework.context.annotation.internalConfigurationAnnotationProcessor,org.springframework.context.annotation.internalAutowiredAnnotationProcessor,org.springframework.context.annotation.internalRequiredAnnotationProcessor,org.springframework.context.annotation.internalCommonAnnotationProcessor,org.springframework.context.annotation.ConfigurationClassPostProcessor.importAwareProcessor]; root of factory hierarchy
1057 [main] INFO  o.s.j.d.i.ResourceDatabasePopulator - Executing SQL script from class path resource [db/db.sql]
1071 [main] INFO  o.s.j.d.i.ResourceDatabasePopulator - Done executing SQL script from class path resource [db/db.sql] in 13 ms.
1198 [main] WARN  o.d.dataset.AbstractTableMetaData - Potential problem found: The configured data type factory 'class org.dbunit.dataset.datatype.DefaultDataTypeFactory' might cause problems with the current database 'HSQL Database Engine' (e.g. some datatypes may not be supported properly). In rare cases you might see this message because the list of supported database products is incomplete (list=[derby]). If so please request a java-class update via the forums.
1204 [main] INFO  i.p.t.rest.dao.unit.GenericDAOTest - Unit Test Suite Dao - Test Case Get an entity - 01
1204 [main] INFO  i.p.titan.rest.dao.GenericDaoImpl - Core Component - Dao Layer
1228 [Thread-2] INFO  o.s.c.s.GenericApplicationContext - Closing org.springframework.context.support.GenericApplicationContext@5ecb8fc2: startup date [Sun Mar 02 18:08:46 CET 2014]; root of context hierarchy
1229 [Thread-2] INFO  o.s.b.f.s.DefaultListableBeanFactory - Destroying singletons in org.springframework.beans.factory.support.DefaultListableBeanFactory@42197fe9: defining beans [genericDao,corePlaceHolder,transactionManager,dataSource,jdbcTemplate,org.springframework.jdbc.datasource.init.DataSourceInitializer#0,org.springframework.context.annotation.internalConfigurationAnnotationProcessor,org.springframework.context.annotation.internalAutowiredAnnotationProcessor,org.springframework.context.annotation.internalRequiredAnnotationProcessor,org.springframework.context.annotation.internalCommonAnnotationProcessor,org.springframework.context.annotation.ConfigurationClassPostProcessor.importAwareProcessor]; root of factory hierarchy
388  [main] INFO  o.s.b.f.xml.XmlBeanDefinitionReader - Loading XML bean definitions from class path resource [dao-conf-ut.xml]
526  [main] INFO  o.s.c.s.GenericApplicationContext - Refreshing org.springframework.context.support.GenericApplicationContext@5ecb8fc2: startup date [Sun Mar 02 18:10:18 CET 2014]; root of context hierarchy
658  [main] INFO  o.s.b.f.c.PropertyPlaceholderConfigurer - Loading properties file from class path resource [db/database.properties]
662  [main] INFO  o.s.b.f.a.AutowiredAnnotationBeanPostProcessor - JSR-330 'javax.inject.Inject' annotation found and supported for autowiring
674  [main] INFO  o.s.b.f.s.DefaultListableBeanFactory - Pre-instantiating singletons in org.springframework.beans.factory.support.DefaultListableBeanFactory@13b4c982: defining beans [genericDao,corePlaceHolder,transactionManager,dataSource,jdbcTemplate,org.springframework.jdbc.datasource.init.DataSourceInitializer#0,org.springframework.context.annotation.internalConfigurationAnnotationProcessor,org.springframework.context.annotation.internalAutowiredAnnotationProcessor,org.springframework.context.annotation.internalRequiredAnnotationProcessor,org.springframework.context.annotation.internalCommonAnnotationProcessor,org.springframework.context.annotation.ConfigurationClassPostProcessor.importAwareProcessor]; root of factory hierarchy
1009 [main] INFO  o.s.j.d.i.ResourceDatabasePopulator - Executing SQL script from class path resource [db/db.sql]
1023 [main] INFO  o.s.j.d.i.ResourceDatabasePopulator - Done executing SQL script from class path resource [db/db.sql] in 14 ms.
1152 [main] WARN  o.d.dataset.AbstractTableMetaData - Potential problem found: The configured data type factory 'class org.dbunit.dataset.datatype.DefaultDataTypeFactory' might cause problems with the current database 'HSQL Database Engine' (e.g. some datatypes may not be supported properly). In rare cases you might see this message because the list of supported database products is incomplete (list=[derby]). If so please request a java-class update via the forums.
1158 [main] INFO  i.p.t.rest.dao.unit.GenericDAOTest - Unit Test Suite Dao - Test Case Get an entity - 01
1158 [main] INFO  i.p.titan.rest.dao.GenericDaoImpl - Core Component - Dao Layer
1181 [Thread-1] INFO  o.s.c.s.GenericApplicationContext - Closing org.springframework.context.support.GenericApplicationContext@5ecb8fc2: startup date [Sun Mar 02 18:10:18 CET 2014]; root of context hierarchy
1182 [Thread-1] INFO  o.s.b.f.s.DefaultListableBeanFactory - Destroying singletons in org.springframework.beans.factory.support.DefaultListableBeanFactory@13b4c982: defining beans [genericDao,corePlaceHolder,transactionManager,dataSource,jdbcTemplate,org.springframework.jdbc.datasource.init.DataSourceInitializer#0,org.springframework.context.annotation.internalConfigurationAnnotationProcessor,org.springframework.context.annotation.internalAutowiredAnnotationProcessor,org.springframework.context.annotation.internalRequiredAnnotationProcessor,org.springframework.context.annotation.internalCommonAnnotationProcessor,org.springframework.context.annotation.ConfigurationClassPostProcessor.importAwareProcessor]; root of factory hierarchy
387  [main] INFO  o.s.b.f.xml.XmlBeanDefinitionReader - Loading XML bean definitions from class path resource [dao-conf-ut.xml]
524  [main] INFO  o.s.c.s.GenericApplicationContext - Refreshing org.springframework.context.support.GenericApplicationContext@5ecb8fc2: startup date [Sun Mar 02 18:12:58 CET 2014]; root of context hierarchy
651  [main] INFO  o.s.b.f.c.PropertyPlaceholderConfigurer - Loading properties file from class path resource [db/database.properties]
656  [main] INFO  o.s.b.f.a.AutowiredAnnotationBeanPostProcessor - JSR-330 'javax.inject.Inject' annotation found and supported for autowiring
667  [main] INFO  o.s.b.f.s.DefaultListableBeanFactory - Pre-instantiating singletons in org.springframework.beans.factory.support.DefaultListableBeanFactory@42197fe9: defining beans [genericDao,corePlaceHolder,transactionManager,dataSource,jdbcTemplate,org.springframework.jdbc.datasource.init.DataSourceInitializer#0,org.springframework.context.annotation.internalConfigurationAnnotationProcessor,org.springframework.context.annotation.internalAutowiredAnnotationProcessor,org.springframework.context.annotation.internalRequiredAnnotationProcessor,org.springframework.context.annotation.internalCommonAnnotationProcessor,org.springframework.context.annotation.ConfigurationClassPostProcessor.importAwareProcessor]; root of factory hierarchy
1036 [main] INFO  o.s.j.d.i.ResourceDatabasePopulator - Executing SQL script from class path resource [db/db.sql]
1048 [main] INFO  o.s.j.d.i.ResourceDatabasePopulator - Done executing SQL script from class path resource [db/db.sql] in 12 ms.
1176 [main] WARN  o.d.dataset.AbstractTableMetaData - Potential problem found: The configured data type factory 'class org.dbunit.dataset.datatype.DefaultDataTypeFactory' might cause problems with the current database 'HSQL Database Engine' (e.g. some datatypes may not be supported properly). In rare cases you might see this message because the list of supported database products is incomplete (list=[derby]). If so please request a java-class update via the forums.
1182 [main] INFO  i.p.t.rest.dao.unit.GenericDAOTest - Unit Test Suite Dao - Test Case Get an entity - 01
1182 [main] INFO  i.p.titan.rest.dao.GenericDaoImpl - Core Component - Dao Layer
1204 [Thread-1] INFO  o.s.c.s.GenericApplicationContext - Closing org.springframework.context.support.GenericApplicationContext@5ecb8fc2: startup date [Sun Mar 02 18:12:58 CET 2014]; root of context hierarchy
1205 [Thread-1] INFO  o.s.b.f.s.DefaultListableBeanFactory - Destroying singletons in org.springframework.beans.factory.support.DefaultListableBeanFactory@42197fe9: defining beans [genericDao,corePlaceHolder,transactionManager,dataSource,jdbcTemplate,org.springframework.jdbc.datasource.init.DataSourceInitializer#0,org.springframework.context.annotation.internalConfigurationAnnotationProcessor,org.springframework.context.annotation.internalAutowiredAnnotationProcessor,org.springframework.context.annotation.internalRequiredAnnotationProcessor,org.springframework.context.annotation.internalCommonAnnotationProcessor,org.springframework.context.annotation.ConfigurationClassPostProcessor.importAwareProcessor]; root of factory hierarchy
387  [main] INFO  o.s.b.f.xml.XmlBeanDefinitionReader - Loading XML bean definitions from class path resource [dao-conf-ut.xml]
523  [main] INFO  o.s.c.s.GenericApplicationContext - Refreshing org.springframework.context.support.GenericApplicationContext@5ecb8fc2: startup date [Sun Mar 02 18:14:25 CET 2014]; root of context hierarchy
651  [main] INFO  o.s.b.f.c.PropertyPlaceholderConfigurer - Loading properties file from class path resource [db/database.properties]
655  [main] INFO  o.s.b.f.a.AutowiredAnnotationBeanPostProcessor - JSR-330 'javax.inject.Inject' annotation found and supported for autowiring
667  [main] INFO  o.s.b.f.s.DefaultListableBeanFactory - Pre-instantiating singletons in org.springframework.beans.factory.support.DefaultListableBeanFactory@4e32bbcc: defining beans [genericDao,corePlaceHolder,transactionManager,dataSource,jdbcTemplate,org.springframework.jdbc.datasource.init.DataSourceInitializer#0,org.springframework.context.annotation.internalConfigurationAnnotationProcessor,org.springframework.context.annotation.internalAutowiredAnnotationProcessor,org.springframework.context.annotation.internalRequiredAnnotationProcessor,org.springframework.context.annotation.internalCommonAnnotationProcessor,org.springframework.context.annotation.ConfigurationClassPostProcessor.importAwareProcessor]; root of factory hierarchy
1009 [main] INFO  o.s.j.d.i.ResourceDatabasePopulator - Executing SQL script from class path resource [db/db.sql]
1022 [main] INFO  o.s.j.d.i.ResourceDatabasePopulator - Done executing SQL script from class path resource [db/db.sql] in 13 ms.
1150 [main] WARN  o.d.dataset.AbstractTableMetaData - Potential problem found: The configured data type factory 'class org.dbunit.dataset.datatype.DefaultDataTypeFactory' might cause problems with the current database 'HSQL Database Engine' (e.g. some datatypes may not be supported properly). In rare cases you might see this message because the list of supported database products is incomplete (list=[derby]). If so please request a java-class update via the forums.
1156 [main] INFO  i.p.t.rest.dao.unit.GenericDAOTest - Unit Test Suite Dao - Test Case Get an entity - 01
1156 [main] INFO  i.p.titan.rest.dao.GenericDaoImpl - Core Component - Dao Layer
1178 [Thread-1] INFO  o.s.c.s.GenericApplicationContext - Closing org.springframework.context.support.GenericApplicationContext@5ecb8fc2: startup date [Sun Mar 02 18:14:25 CET 2014]; root of context hierarchy
1179 [Thread-1] INFO  o.s.b.f.s.DefaultListableBeanFactory - Destroying singletons in org.springframework.beans.factory.support.DefaultListableBeanFactory@4e32bbcc: defining beans [genericDao,corePlaceHolder,transactionManager,dataSource,jdbcTemplate,org.springframework.jdbc.datasource.init.DataSourceInitializer#0,org.springframework.context.annotation.internalConfigurationAnnotationProcessor,org.springframework.context.annotation.internalAutowiredAnnotationProcessor,org.springframework.context.annotation.internalRequiredAnnotationProcessor,org.springframework.context.annotation.internalCommonAnnotationProcessor,org.springframework.context.annotation.ConfigurationClassPostProcessor.importAwareProcessor]; root of factory hierarchy
